<?xml version="1.0" encoding="UTF-8"?>
<!-- Generated by org.testng.reporters.JUnitReportReporter -->
<testsuite skipped="0" hostname="LAPTOP-8BBB2HEB" name="mavendemosept.AppTest" tests="1" failures="0" timestamp="05 Dec 2019 09:11:29 GMT" time="0.017" errors="0">
  <testcase name="testApp" time="0.017" classname="mavendemosept.AppTest"/>
</testsuite> <!-- mavendemosept.AppTest -->
